<?xml version="1.0" encoding="UTF-8"?>
<!-- Generated by org.testng.reporters.JUnitXMLReporter -->
<testsuite hostname="RaselPC" ignored="2" name="Default test(failed)(failed)" tests="1" failures="0" timestamp="25 Dec 2022 18:25:27 GMT" time="0.267" errors="0">
  <testcase name="@BeforeMethod setup" time="0.198" classname="com.smarttechqa.testng.TestngPractice">
    <failure type="java.lang.NoClassDefFoundError" message="Could not initialize class org.apache.logging.log4j.util.PropertiesUtil">
      <![CDATA[java.lang.NoClassDefFoundError: Could not initialize class org.apache.logging.log4j.util.PropertiesUtil
at org.apache.logging.log4j.status.StatusLogger.<clinit>(StatusLogger.java:78)
at org.apache.logging.slf4j.Log4jLoggerFactory.<clinit>(Log4jLoggerFactory.java:35)
at org.slf4j.impl.StaticLoggerBinder.<init>(StaticLoggerBinder.java:54)
at org.slf4j.impl.StaticLoggerBinder.<clinit>(StaticLoggerBinder.java:42)
at org.slf4j.LoggerFactory.bind(LoggerFactory.java:150)
at org.slf4j.LoggerFactory.performInitialization(LoggerFactory.java:124)
at org.slf4j.LoggerFactory.getILoggerFactory(LoggerFactory.java:412)
at org.slf4j.LoggerFactory.getLogger(LoggerFactory.java:357)
at org.slf4j.LoggerFactory.getLogger(LoggerFactory.java:383)
at io.github.bonigarcia.wdm.WebDriverManager.<clinit>(WebDriverManager.java:136)
at com.smarttechqa.testng.TestngPractice.setup(TestngPractice.java:19)
... Removed 28 stack frames]]>
    </failure>
  </testcase> <!-- @BeforeMethod setup -->
  <testcase name="@AfterMethod tearDown" time="0.0" classname="com.smarttechqa.testng.TestngPractice">
    <skipped/>
  </testcase> <!-- @AfterMethod tearDown -->
  <testcase name="googleSearch" time="0.0" classname="com.smarttechqa.testng.TestngPractice">
    <skipped/>
  </testcase> <!-- googleSearch -->
  <testcase name="imageSearch" time="0.0" classname="com.smarttechqa.testng.TestngPractice">
    <ignored/>
  </testcase> <!-- imageSearch -->
  <testcase name="google" time="0.0" classname="com.smarttechqa.testng.TestngPractice">
    <ignored/>
  </testcase> <!-- google -->
</testsuite> <!-- Default test(failed)(failed) -->
