<?xml version="1.0" encoding="UTF-8"?>
<!-- Generated by org.testng.reporters.JUnitXMLReporter -->
<testsuite ignored="1" hostname="RaselPC" failures="0" tests="1" name="Default test" time="7.681" errors="0" timestamp="16 Oct 2022 18:51:45 GMT">
  <testcase classname="com.smarttechqa.testng.TestngPractice" name="googleSearch" time="3.878"/>
  <testcase classname="com.smarttechqa.testng.TestngPractice" name="imageSearch" time="0.0">
    <ignored/>
  </testcase> <!-- imageSearch -->
</testsuite> <!-- Default test -->
