<?xml version="1.0" encoding="UTF-8"?>
<testng-results ignored="1" total="2" passed="1" failed="0" skipped="0">
  <reporter-output>
  </reporter-output>
  <suite started-at="2022-10-16T18:51:38Z" name="Default suite" finished-at="2022-10-16T18:51:45Z" duration-ms="7681">
    <groups>
    </groups>
    <test started-at="2022-10-16T18:51:38Z" name="Default test" finished-at="2022-10-16T18:51:45Z" duration-ms="7681">
      <class name="com.smarttechqa.testng.TestngPractice">
        <test-method is-config="true" signature="setup()[pri:0, instance:com.smarttechqa.testng.TestngPractice@49d3c823]" started-at="2022-10-16T18:51:38Z" name="setup" finished-at="2022-10-16T18:51:41Z" duration-ms="3773" status="PASS">
          <reporter-output>
          </reporter-output>
        </test-method> <!-- setup -->
        <test-method signature="googleSearch()[pri:0, instance:com.smarttechqa.testng.TestngPractice@49d3c823]" started-at="2022-10-16T18:51:41Z" name="googleSearch" finished-at="2022-10-16T18:51:45Z" duration-ms="3878" status="PASS">
          <reporter-output>
          </reporter-output>
        </test-method> <!-- googleSearch -->
        <test-method is-config="true" signature="tearDown()[pri:0, instance:com.smarttechqa.testng.TestngPractice@49d3c823]" started-at="2022-10-16T18:51:45Z" name="tearDown" finished-at="2022-10-16T18:51:45Z" duration-ms="0" status="PASS">
          <reporter-output>
          </reporter-output>
        </test-method> <!-- tearDown -->
      </class> <!-- com.smarttechqa.testng.TestngPractice -->
    </test> <!-- Default test -->
  </suite> <!-- Default suite -->
</testng-results>
